[15:09:17] [ServerMain/INFO]: Building unoptimized datafixer
[15:09:18] [ServerMain/INFO]: Environment: authHost='https://authserver.mojang.com', accountsHost='https://api.mojang.com', sessionHost='https://sessionserver.mojang.com', servicesHost='https://api.minecraftservices.com', name='PROD'
[15:09:22] [ServerMain/INFO]: Loaded 7 recipes
[15:09:22] [ServerMain/INFO]: Loaded 1179 advancements
[15:09:24] [Server thread/INFO]: Starting minecraft server version 1.19.2
[15:09:24] [Server thread/INFO]: Loading properties
[15:09:24] [Server thread/INFO]: Default game type: SURVIVAL
[15:09:24] [Server thread/INFO]: Generating keypair
[15:09:24] [Server thread/INFO]: Starting Minecraft server on *:25565
[15:09:24] [Server thread/INFO]: Using default channel type
[15:09:25] [Server thread/WARN]: **** SERVER IS RUNNING IN OFFLINE/INSECURE MODE!
[15:09:25] [Server thread/WARN]: The server will make no attempt to authenticate usernames. Beware.
[15:09:25] [Server thread/WARN]: While this makes the game possible to play without internet access, it also opens up the ability for hackers to connect with any username they choose.
[15:09:25] [Server thread/WARN]: To change this, set "online-mode" to "true" in the server.properties file.
[15:09:25] [Server thread/INFO]: Preparing level "world"
[15:09:25] [Server thread/INFO]: Preparing start region for dimension minecraft:overworld
[15:09:30] [Worker-Main-4/INFO]: Preparing spawn area: 0%
[15:09:30] [Worker-Main-6/INFO]: Preparing spawn area: 0%
[15:09:30] [Worker-Main-4/INFO]: Preparing spawn area: 0%
[15:09:30] [Worker-Main-6/INFO]: Preparing spawn area: 0%
[15:09:30] [Worker-Main-4/INFO]: Preparing spawn area: 0%
[15:09:30] [Worker-Main-8/INFO]: Preparing spawn area: 0%
[15:09:30] [Worker-Main-8/INFO]: Preparing spawn area: 0%
[15:09:30] [Worker-Main-8/INFO]: Preparing spawn area: 0%
[15:09:30] [Worker-Main-4/INFO]: Preparing spawn area: 0%
[15:09:30] [Worker-Main-8/INFO]: Preparing spawn area: 0%
[15:09:30] [Worker-Main-2/INFO]: Preparing spawn area: 0%
[15:09:30] [Worker-Main-1/INFO]: Preparing spawn area: 0%
[15:09:31] [Worker-Main-7/INFO]: Preparing spawn area: 4%
[15:09:31] [Worker-Main-4/INFO]: Preparing spawn area: 59%
[15:09:32] [Server thread/INFO]: Time elapsed: 6834 ms
[15:09:32] [Server thread/INFO]: Done (7.231s)! For help, type "help"
[15:09:32] [Server thread/INFO]: Stopping the server
[15:09:32] [Server thread/INFO]: Stopping server
[15:09:32] [Server thread/INFO]: Saving players
[15:09:32] [Server thread/INFO]: Saving worlds
[15:09:34] [Server thread/INFO]: Saving chunks for level 'ServerLevel[world]'/minecraft:overworld
[15:09:35] [Server thread/INFO]: Saving chunks for level 'ServerLevel[world]'/minecraft:the_end
[15:09:35] [Server thread/INFO]: Saving chunks for level 'ServerLevel[world]'/minecraft:the_nether
[15:09:35] [Server thread/INFO]: ThreadedAnvilChunkStorage (world): All chunks are saved
[15:09:35] [Server thread/INFO]: ThreadedAnvilChunkStorage (DIM1): All chunks are saved
[15:09:35] [Server thread/INFO]: ThreadedAnvilChunkStorage (DIM-1): All chunks are saved
[15:09:35] [Server thread/INFO]: ThreadedAnvilChunkStorage: All dimensions are saved
